Terminals unused in grammar

   CHAR_ERR
   KEY
   CHARCONST_ESC


Grammar

    0 $accept: program $end

    1 program: declarationList

    2 declarationList: declarationList declaration
    3                | declaration

    4 declaration: varDeclaration
    5            | funDeclaration

    6 varDeclaration: typeSpecifier varDeclList SEMI

    7 scopedVarDeclaration: scopedTypeSpecifier varDeclList SEMI

    8 varDeclList: varDeclList COM varDeclInitialize
    9            | varDeclInitialize

   10 varDeclInitialize: varDeclId
   11                  | varDeclId COL simpleExpression

   12 varDeclId: ID
   13          | ID LIndex NUMCONST RIndex

   14 scopedTypeSpecifier: STATIC typeSpecifier
   15                    | typeSpecifier

   16 typeSpecifier: INT
   17              | BOOL
   18              | CHAR

   19 funDeclaration: typeSpecifier ID LP params RP statement
   20               | ID LP params RP statement

   21 params: paramList
   22       | %empty

   23 paramList: paramList SEMI paramTypeList
   24          | paramTypeList

   25 paramTypeList: typeSpecifier paramIdList

   26 paramIdList: paramIdList COM paramId
   27            | paramId

   28 paramId: ID
   29        | ID LIndex RIndex

   30 statement: expressionStmt
   31          | compoundStmt
   32          | matchedIf
   33          | unmatchedIf
   34          | iterationStmt
   35          | returnStmt
   36          | breakStmt

   37 expressionStmt: expression SEMI
   38               | SEMI

   39 compoundStmt: LB localDeclarations statementList RB

   40 localDeclarations: localDeclarations scopedVarDeclaration
   41                  | %empty

   42 statementList: statementList statement
   43              | %empty

   44 partialStmt: expressionStmt
   45            | compoundStmt
   46            | returnStmt
   47            | breakStmt

   48 matched: matchedIf
   49        | matchedWhile
   50        | partialStmt

   51 unmatched: unmatchedIf
   52          | unmatchedWhile

   53 matchedIf: IF simpleExpression THEN matched matchedElse

   54 matchedElse: ELSIF simpleExpression THEN matched matchedElse
   55            | ELSE matched

   56 unmatchedIf: IF simpleExpression THEN matched
   57            | IF simpleExpression THEN unmatched
   58            | IF simpleExpression THEN matched unmatchedElse

   59 unmatchedElse: ELSIF simpleExpression THEN matched
   60              | ELSIF simpleExpression THEN matched unmatchedElse
   61              | ELSIF simpleExpression THEN unmatched
   62              | ELSE unmatched

   63 iterationRange: EQ simpleExpression RANGE simpleExpression
   64               | EQ simpleExpression RANGE simpleExpression COL simpleExpression

   65 matchedWhile: WHILE simpleExpression DO matched
   66             | LOOP FOREVER matched
   67             | LOOP ID iterationRange DO matched

   68 unmatchedWhile: WHILE simpleExpression DO unmatched
   69               | LOOP FOREVER unmatched
   70               | LOOP ID iterationRange DO unmatched

   71 iterationStmt: WHILE simpleExpression DO statement
   72              | LOOP FOREVER statement
   73              | LOOP ID iterationRange DO statement

   74 returnStmt: RETURN SEMI
   75           | RETURN expression SEMI

   76 breakStmt: BREAK SEMI

   77 expression: mutable EQ expression
   78           | mutable ADDASS expression
   79           | mutable SUBASS expression
   80           | mutable MULASS expression
   81           | mutable DIVASS expression
   82           | mutable INC
   83           | mutable DEC
   84           | simpleExpression

   85 simpleExpression: simpleExpression OR andExpression
   86                 | andExpression

   87 andExpression: andExpression AND unaryRelExpression
   88              | unaryRelExpression

   89 unaryRelExpression: NOT unaryRelExpression
   90                   | relExpression

   91 relExpression: sumExpression relop sumExpression
   92              | sumExpression

   93 relop: EQEQ
   94      | LESS
   95      | GRET
   96      | GRETEQ
   97      | LESSEQ
   98      | NOTEQ

   99 sumExpression: sumExpression sumop mulExpression
  100              | mulExpression

  101 sumop: PLUS
  102      | MINUS

  103 mulExpression: mulExpression mulop unaryExpression
  104              | unaryExpression

  105 mulop: MULTIPLY
  106      | DIV
  107      | PERCENT

  108 unaryExpression: unaryop unaryExpression
  109                | factor

  110 unaryop: MINUS
  111        | MULTIPLY
  112        | QMARK

  113 factor: immutable
  114       | mutable

  115 mutable: ID
  116        | mutable LIndex expression RIndex

  117 immutable: LP expression RP
  118          | call
  119          | constant

  120 call: ID LP args RP

  121 args: argList
  122     | %empty

  123 argList: argList COM expression
  124        | expression

  125 constant: NUMCONST
  126         | CHARCONST
  127         | STRINGCONST
  128         | FALSE
  129         | TRUE


Terminals, with rules where they appear

$end (0) 0
error (256)
CHAR_ERR (258)
KEY (259)
NUMCONST (260) 13 125
CHARCONST (261) 126
CHARCONST_ESC (262)
RANGE (263) 63 64
STRINGCONST (264) 127
QMARK (265) 112
MULTIPLY (266) 105 111
MINUS (267) 102 110
PERCENT (268) 107
DIV (269) 106
PLUS (270) 101
LESS (271) 94
GRET (272) 95
EQ (273) 63 64 77
SEMI (274) 6 7 23 37 38 74 75 76
LIndex (275) 13 29 116
RIndex (276) 13 29 116
LB (277) 39
RB (278) 39
LP (279) 19 20 117 120
RP (280) 19 20 117 120
COM (281) 8 26 123
COL (282) 11 64
EQEQ (283) 93
IF (284) 53 56 57 58
ELSE (285) 55 62
ELSIF (286) 54 59 60 61
THEN (287) 53 54 56 57 58 59 60 61
WHILE (288) 65 68 71
DO (289) 65 67 68 70 71 73
LOOP (290) 66 67 69 70 72 73
FOREVER (291) 66 69 72
BREAK (292) 76
AND (293) 87
OR (294) 85
NOT (295) 89
RETURN (296) 74 75
TRUE (297) 129
FALSE (298) 128
ADDASS (299) 78
SUBASS (300) 79
MULASS (301) 80
DIVASS (302) 81
DEC (303) 83
INC (304) 82
NOTEQ (305) 98
LESSEQ (306) 97
GRETEQ (307) 96
ID (308) 12 13 19 20 28 29 67 70 73 115 120
INT (309) 16
BOOL (310) 17
CHAR (311) 18
STATIC (312) 14


Nonterminals, with rules where they appear

$accept (58)
    on left: 0
program (59)
    on left: 1, on right: 0
declarationList (60)
    on left: 2 3, on right: 1 2
declaration (61)
    on left: 4 5, on right: 2 3
varDeclaration (62)
    on left: 6, on right: 4
scopedVarDeclaration (63)
    on left: 7, on right: 40
varDeclList (64)
    on left: 8 9, on right: 6 7 8
varDeclInitialize (65)
    on left: 10 11, on right: 8 9
varDeclId (66)
    on left: 12 13, on right: 10 11
scopedTypeSpecifier (67)
    on left: 14 15, on right: 7
typeSpecifier (68)
    on left: 16 17 18, on right: 6 14 15 19 25
funDeclaration (69)
    on left: 19 20, on right: 5
params (70)
    on left: 21 22, on right: 19 20
paramList (71)
    on left: 23 24, on right: 21 23
paramTypeList (72)
    on left: 25, on right: 23 24
paramIdList (73)
    on left: 26 27, on right: 25 26
paramId (74)
    on left: 28 29, on right: 26 27
statement (75)
    on left: 30 31 32 33 34 35 36, on right: 19 20 42 71 72 73
expressionStmt (76)
    on left: 37 38, on right: 30 44
compoundStmt (77)
    on left: 39, on right: 31 45
localDeclarations (78)
    on left: 40 41, on right: 39 40
statementList (79)
    on left: 42 43, on right: 39 42
partialStmt (80)
    on left: 44 45 46 47, on right: 50
matched (81)
    on left: 48 49 50, on right: 53 54 55 56 58 59 60 65 66 67
unmatched (82)
    on left: 51 52, on right: 57 61 62 68 69 70
matchedIf (83)
    on left: 53, on right: 32 48
matchedElse (84)
    on left: 54 55, on right: 53 54
unmatchedIf (85)
    on left: 56 57 58, on right: 33 51
unmatchedElse (86)
    on left: 59 60 61 62, on right: 58 60
iterationRange (87)
    on left: 63 64, on right: 67 70 73
matchedWhile (88)
    on left: 65 66 67, on right: 49
unmatchedWhile (89)
    on left: 68 69 70, on right: 52
iterationStmt (90)
    on left: 71 72 73, on right: 34
returnStmt (91)
    on left: 74 75, on right: 35 46
breakStmt (92)
    on left: 76, on right: 36 47
expression (93)
    on left: 77 78 79 80 81 82 83 84, on right: 37 75 77 78 79 80 81
    116 117 123 124
simpleExpression (94)
    on left: 85 86, on right: 11 53 54 56 57 58 59 60 61 63 64 65 68
    71 84 85
andExpression (95)
    on left: 87 88, on right: 85 86 87
unaryRelExpression (96)
    on left: 89 90, on right: 87 88 89
relExpression (97)
    on left: 91 92, on right: 90
relop (98)
    on left: 93 94 95 96 97 98, on right: 91
sumExpression (99)
    on left: 99 100, on right: 91 92 99
sumop (100)
    on left: 101 102, on right: 99
mulExpression (101)
    on left: 103 104, on right: 99 100 103
mulop (102)
    on left: 105 106 107, on right: 103
unaryExpression (103)
    on left: 108 109, on right: 103 104 108
unaryop (104)
    on left: 110 111 112, on right: 108
factor (105)
    on left: 113 114, on right: 109
mutable (106)
    on left: 115 116, on right: 77 78 79 80 81 82 83 114 116
immutable (107)
    on left: 117 118 119, on right: 113
call (108)
    on left: 120, on right: 118
args (109)
    on left: 121 122, on right: 120
argList (110)
    on left: 123 124, on right: 121 123
constant (111)
    on left: 125 126 127 128 129, on right: 119


State 0

    0 $accept: . program $end

    ID    shift, and go to state 1
    INT   shift, and go to state 2
    BOOL  shift, and go to state 3
    CHAR  shift, and go to state 4

    program          go to state 5
    declarationList  go to state 6
    declaration      go to state 7
    varDeclaration   go to state 8
    typeSpecifier    go to state 9
    funDeclaration   go to state 10


State 1

   20 funDeclaration: ID . LP params RP statement

    LP  shift, and go to state 11


State 2

   16 typeSpecifier: INT .

    $default  reduce using rule 16 (typeSpecifier)


State 3

   17 typeSpecifier: BOOL .

    $default  reduce using rule 17 (typeSpecifier)


State 4

   18 typeSpecifier: CHAR .

    $default  reduce using rule 18 (typeSpecifier)


State 5

    0 $accept: program . $end

    $end  shift, and go to state 12


State 6

    1 program: declarationList .
    2 declarationList: declarationList . declaration

    ID    shift, and go to state 1
    INT   shift, and go to state 2
    BOOL  shift, and go to state 3
    CHAR  shift, and go to state 4

    $default  reduce using rule 1 (program)

    declaration     go to state 13
    varDeclaration  go to state 8
    typeSpecifier   go to state 9
    funDeclaration  go to state 10


State 7

    3 declarationList: declaration .

    $default  reduce using rule 3 (declarationList)


State 8

    4 declaration: varDeclaration .

    $default  reduce using rule 4 (declaration)


State 9

    6 varDeclaration: typeSpecifier . varDeclList SEMI
   19 funDeclaration: typeSpecifier . ID LP params RP statement

    ID  shift, and go to state 14

    varDeclList        go to state 15
    varDeclInitialize  go to state 16
    varDeclId          go to state 17


State 10

    5 declaration: funDeclaration .

    $default  reduce using rule 5 (declaration)


State 11

   20 funDeclaration: ID LP . params RP statement

    INT   shift, and go to state 2
    BOOL  shift, and go to state 3
    CHAR  shift, and go to state 4

    $default  reduce using rule 22 (params)

    typeSpecifier  go to state 18
    params         go to state 19
    paramList      go to state 20
    paramTypeList  go to state 21


State 12

    0 $accept: program $end .

    $default  accept


State 13

    2 declarationList: declarationList declaration .

    $default  reduce using rule 2 (declarationList)


State 14

   12 varDeclId: ID .
   13          | ID . LIndex NUMCONST RIndex
   19 funDeclaration: typeSpecifier ID . LP params RP statement

    LIndex  shift, and go to state 22
    LP      shift, and go to state 23

    $default  reduce using rule 12 (varDeclId)


State 15

    6 varDeclaration: typeSpecifier varDeclList . SEMI
    8 varDeclList: varDeclList . COM varDeclInitialize

    SEMI  shift, and go to state 24
    COM   shift, and go to state 25


State 16

    9 varDeclList: varDeclInitialize .

    $default  reduce using rule 9 (varDeclList)


State 17

   10 varDeclInitialize: varDeclId .
   11                  | varDeclId . COL simpleExpression

    COL  shift, and go to state 26

    $default  reduce using rule 10 (varDeclInitialize)


State 18

   25 paramTypeList: typeSpecifier . paramIdList

    ID  shift, and go to state 27

    paramIdList  go to state 28
    paramId      go to state 29


State 19

   20 funDeclaration: ID LP params . RP statement

    RP  shift, and go to state 30


State 20

   21 params: paramList .
   23 paramList: paramList . SEMI paramTypeList

    SEMI  shift, and go to state 31

    $default  reduce using rule 21 (params)


State 21

   24 paramList: paramTypeList .

    $default  reduce using rule 24 (paramList)


State 22

   13 varDeclId: ID LIndex . NUMCONST RIndex

    NUMCONST  shift, and go to state 32


State 23

   19 funDeclaration: typeSpecifier ID LP . params RP statement

    INT   shift, and go to state 2
    BOOL  shift, and go to state 3
    CHAR  shift, and go to state 4

    $default  reduce using rule 22 (params)

    typeSpecifier  go to state 18
    params         go to state 33
    paramList      go to state 20
    paramTypeList  go to state 21


State 24

    6 varDeclaration: typeSpecifier varDeclList SEMI .

    $default  reduce using rule 6 (varDeclaration)


State 25

    8 varDeclList: varDeclList COM . varDeclInitialize

    ID  shift, and go to state 34

    varDeclInitialize  go to state 35
    varDeclId          go to state 17


State 26

   11 varDeclInitialize: varDeclId COL . simpleExpression

    NUMCONST     shift, and go to state 36
    CHARCONST    shift, and go to state 37
    STRINGCONST  shift, and go to state 38
    QMARK        shift, and go to state 39
    MULTIPLY     shift, and go to state 40
    MINUS        shift, and go to state 41
    LP           shift, and go to state 42
    NOT          shift, and go to state 43
    TRUE         shift, and go to state 44
    FALSE        shift, and go to state 45
    ID           shift, and go to state 46

    simpleExpression    go to state 47
    andExpression       go to state 48
    unaryRelExpression  go to state 49
    relExpression       go to state 50
    sumExpression       go to state 51
    mulExpression       go to state 52
    unaryExpression     go to state 53
    unaryop             go to state 54
    factor              go to state 55
    mutable             go to state 56
    immutable           go to state 57
    call                go to state 58
    constant            go to state 59


State 27

   28 paramId: ID .
   29        | ID . LIndex RIndex

    LIndex  shift, and go to state 60

    $default  reduce using rule 28 (paramId)


State 28

   25 paramTypeList: typeSpecifier paramIdList .
   26 paramIdList: paramIdList . COM paramId

    COM  shift, and go to state 61

    $default  reduce using rule 25 (paramTypeList)


State 29

   27 paramIdList: paramId .

    $default  reduce using rule 27 (paramIdList)


State 30

   20 funDeclaration: ID LP params RP . statement

    NUMCONST     shift, and go to state 36
    CHARCONST    shift, and go to state 37
    STRINGCONST  shift, and go to state 38
    QMARK        shift, and go to state 39
    MULTIPLY     shift, and go to state 40
    MINUS        shift, and go to state 41
    SEMI         shift, and go to state 62
    LB           shift, and go to state 63
    LP           shift, and go to state 42
    IF           shift, and go to state 64
    WHILE        shift, and go to state 65
    LOOP         shift, and go to state 66
    BREAK        shift, and go to state 67
    NOT          shift, and go to state 43
    RETURN       shift, and go to state 68
    TRUE         shift, and go to state 44
    FALSE        shift, and go to state 45
    ID           shift, and go to state 46

    statement           go to state 69
    expressionStmt      go to state 70
    compoundStmt        go to state 71
    matchedIf           go to state 72
    unmatchedIf         go to state 73
    iterationStmt       go to state 74
    returnStmt          go to state 75
    breakStmt           go to state 76
    expression          go to state 77
    simpleExpression    go to state 78
    andExpression       go to state 48
    unaryRelExpression  go to state 49
    relExpression       go to state 50
    sumExpression       go to state 51
    mulExpression       go to state 52
    unaryExpression     go to state 53
    unaryop             go to state 54
    factor              go to state 55
    mutable             go to state 79
    immutable           go to state 57
    call                go to state 58
    constant            go to state 59


State 31

   23 paramList: paramList SEMI . paramTypeList

    INT   shift, and go to state 2
    BOOL  shift, and go to state 3
    CHAR  shift, and go to state 4

    typeSpecifier  go to state 18
    paramTypeList  go to state 80


State 32

   13 varDeclId: ID LIndex NUMCONST . RIndex

    RIndex  shift, and go to state 81


State 33

   19 funDeclaration: typeSpecifier ID LP params . RP statement

    RP  shift, and go to state 82


State 34

   12 varDeclId: ID .
   13          | ID . LIndex NUMCONST RIndex

    LIndex  shift, and go to state 22

    $default  reduce using rule 12 (varDeclId)


State 35

    8 varDeclList: varDeclList COM varDeclInitialize .

    $default  reduce using rule 8 (varDeclList)


State 36

  125 constant: NUMCONST .

    $default  reduce using rule 125 (constant)


State 37

  126 constant: CHARCONST .

    $default  reduce using rule 126 (constant)


State 38

  127 constant: STRINGCONST .

    $default  reduce using rule 127 (constant)


State 39

  112 unaryop: QMARK .

    $default  reduce using rule 112 (unaryop)


State 40

  111 unaryop: MULTIPLY .

    $default  reduce using rule 111 (unaryop)


State 41

  110 unaryop: MINUS .

    $default  reduce using rule 110 (unaryop)


State 42

  117 immutable: LP . expression RP

    NUMCONST     shift, and go to state 36
    CHARCONST    shift, and go to state 37
    STRINGCONST  shift, and go to state 38
    QMARK        shift, and go to state 39
    MULTIPLY     shift, and go to state 40
    MINUS        shift, and go to state 41
    LP           shift, and go to state 42
    NOT          shift, and go to state 43
    TRUE         shift, and go to state 44
    FALSE        shift, and go to state 45
    ID           shift, and go to state 46

    expression          go to state 83
    simpleExpression    go to state 78
    andExpression       go to state 48
    unaryRelExpression  go to state 49
    relExpression       go to state 50
    sumExpression       go to state 51
    mulExpression       go to state 52
    unaryExpression     go to state 53
    unaryop             go to state 54
    factor              go to state 55
    mutable             go to state 79
    immutable           go to state 57
    call                go to state 58
    constant            go to state 59


State 43

   89 unaryRelExpression: NOT . unaryRelExpression

    NUMCONST     shift, and go to state 36
    CHARCONST    shift, and go to state 37
    STRINGCONST  shift, and go to state 38
    QMARK        shift, and go to state 39
    MULTIPLY     shift, and go to state 40
    MINUS        shift, and go to state 41
    LP           shift, and go to state 42
    NOT          shift, and go to state 43
    TRUE         shift, and go to state 44
    FALSE        shift, and go to state 45
    ID           shift, and go to state 46

    unaryRelExpression  go to state 84
    relExpression       go to state 50
    sumExpression       go to state 51
    mulExpression       go to state 52
    unaryExpression     go to state 53
    unaryop             go to state 54
    factor              go to state 55
    mutable             go to state 56
    immutable           go to state 57
    call                go to state 58
    constant            go to state 59


State 44

  129 constant: TRUE .

    $default  reduce using rule 129 (constant)


State 45

  128 constant: FALSE .

    $default  reduce using rule 128 (constant)


State 46

  115 mutable: ID .
  120 call: ID . LP args RP

    LP  shift, and go to state 85

    $default  reduce using rule 115 (mutable)


State 47

   11 varDeclInitialize: varDeclId COL simpleExpression .
   85 simpleExpression: simpleExpression . OR andExpression

    OR  shift, and go to state 86

    $default  reduce using rule 11 (varDeclInitialize)


State 48

   86 simpleExpression: andExpression .
   87 andExpression: andExpression . AND unaryRelExpression

    AND  shift, and go to state 87

    $default  reduce using rule 86 (simpleExpression)


State 49

   88 andExpression: unaryRelExpression .

    $default  reduce using rule 88 (andExpression)


State 50

   90 unaryRelExpression: relExpression .

    $default  reduce using rule 90 (unaryRelExpression)


State 51

   91 relExpression: sumExpression . relop sumExpression
   92              | sumExpression .
   99 sumExpression: sumExpression . sumop mulExpression

    MINUS   shift, and go to state 88
    PLUS    shift, and go to state 89
    LESS    shift, and go to state 90
    GRET    shift, and go to state 91
    EQEQ    shift, and go to state 92
    NOTEQ   shift, and go to state 93
    LESSEQ  shift, and go to state 94
    GRETEQ  shift, and go to state 95

    $default  reduce using rule 92 (relExpression)

    relop  go to state 96
    sumop  go to state 97


State 52

  100 sumExpression: mulExpression .
  103 mulExpression: mulExpression . mulop unaryExpression

    MULTIPLY  shift, and go to state 98
    PERCENT   shift, and go to state 99
    DIV       shift, and go to state 100

    $default  reduce using rule 100 (sumExpression)

    mulop  go to state 101


State 53

  104 mulExpression: unaryExpression .

    $default  reduce using rule 104 (mulExpression)


State 54

  108 unaryExpression: unaryop . unaryExpression

    NUMCONST     shift, and go to state 36
    CHARCONST    shift, and go to state 37
    STRINGCONST  shift, and go to state 38
    QMARK        shift, and go to state 39
    MULTIPLY     shift, and go to state 40
    MINUS        shift, and go to state 41
    LP           shift, and go to state 42
    TRUE         shift, and go to state 44
    FALSE        shift, and go to state 45
    ID           shift, and go to state 46

    unaryExpression  go to state 102
    unaryop          go to state 54
    factor           go to state 55
    mutable          go to state 56
    immutable        go to state 57
    call             go to state 58
    constant         go to state 59


State 55

  109 unaryExpression: factor .

    $default  reduce using rule 109 (unaryExpression)


State 56

  114 factor: mutable .
  116 mutable: mutable . LIndex expression RIndex

    LIndex  shift, and go to state 103

    $default  reduce using rule 114 (factor)


State 57

  113 factor: immutable .

    $default  reduce using rule 113 (factor)


State 58

  118 immutable: call .

    $default  reduce using rule 118 (immutable)


State 59

  119 immutable: constant .

    $default  reduce using rule 119 (immutable)


State 60

   29 paramId: ID LIndex . RIndex

    RIndex  shift, and go to state 104


State 61

   26 paramIdList: paramIdList COM . paramId

    ID  shift, and go to state 27

    paramId  go to state 105


State 62

   38 expressionStmt: SEMI .

    $default  reduce using rule 38 (expressionStmt)


State 63

   39 compoundStmt: LB . localDeclarations statementList RB

    $default  reduce using rule 41 (localDeclarations)

    localDeclarations  go to state 106


State 64

   53 matchedIf: IF . simpleExpression THEN matched matchedElse
   56 unmatchedIf: IF . simpleExpression THEN matched
   57            | IF . simpleExpression THEN unmatched
   58            | IF . simpleExpression THEN matched unmatchedElse

    NUMCONST     shift, and go to state 36
    CHARCONST    shift, and go to state 37
    STRINGCONST  shift, and go to state 38
    QMARK        shift, and go to state 39
    MULTIPLY     shift, and go to state 40
    MINUS        shift, and go to state 41
    LP           shift, and go to state 42
    NOT          shift, and go to state 43
    TRUE         shift, and go to state 44
    FALSE        shift, and go to state 45
    ID           shift, and go to state 46

    simpleExpression    go to state 107
    andExpression       go to state 48
    unaryRelExpression  go to state 49
    relExpression       go to state 50
    sumExpression       go to state 51
    mulExpression       go to state 52
    unaryExpression     go to state 53
    unaryop             go to state 54
    factor              go to state 55
    mutable             go to state 56
    immutable           go to state 57
    call                go to state 58
    constant            go to state 59


State 65

   71 iterationStmt: WHILE . simpleExpression DO statement

    NUMCONST     shift, and go to state 36
    CHARCONST    shift, and go to state 37
    STRINGCONST  shift, and go to state 38
    QMARK        shift, and go to state 39
    MULTIPLY     shift, and go to state 40
    MINUS        shift, and go to state 41
    LP           shift, and go to state 42
    NOT          shift, and go to state 43
    TRUE         shift, and go to state 44
    FALSE        shift, and go to state 45
    ID           shift, and go to state 46

    simpleExpression    go to state 108
    andExpression       go to state 48
    unaryRelExpression  go to state 49
    relExpression       go to state 50
    sumExpression       go to state 51
    mulExpression       go to state 52
    unaryExpression     go to state 53
    unaryop             go to state 54
    factor              go to state 55
    mutable             go to state 56
    immutable           go to state 57
    call                go to state 58
    constant            go to state 59


State 66

   72 iterationStmt: LOOP . FOREVER statement
   73              | LOOP . ID iterationRange DO statement

    FOREVER  shift, and go to state 109
    ID       shift, and go to state 110


State 67

   76 breakStmt: BREAK . SEMI

    SEMI  shift, and go to state 111


State 68

   74 returnStmt: RETURN . SEMI
   75           | RETURN . expression SEMI

    NUMCONST     shift, and go to state 36
    CHARCONST    shift, and go to state 37
    STRINGCONST  shift, and go to state 38
    QMARK        shift, and go to state 39
    MULTIPLY     shift, and go to state 40
    MINUS        shift, and go to state 41
    SEMI         shift, and go to state 112
    LP           shift, and go to state 42
    NOT          shift, and go to state 43
    TRUE         shift, and go to state 44
    FALSE        shift, and go to state 45
    ID           shift, and go to state 46

    expression          go to state 113
    simpleExpression    go to state 78
    andExpression       go to state 48
    unaryRelExpression  go to state 49
    relExpression       go to state 50
    sumExpression       go to state 51
    mulExpression       go to state 52
    unaryExpression     go to state 53
    unaryop             go to state 54
    factor              go to state 55
    mutable             go to state 79
    immutable           go to state 57
    call                go to state 58
    constant            go to state 59


State 69

   20 funDeclaration: ID LP params RP statement .

    $default  reduce using rule 20 (funDeclaration)


State 70

   30 statement: expressionStmt .

    $default  reduce using rule 30 (statement)


State 71

   31 statement: compoundStmt .

    $default  reduce using rule 31 (statement)


State 72

   32 statement: matchedIf .

    $default  reduce using rule 32 (statement)


State 73

   33 statement: unmatchedIf .

    $default  reduce using rule 33 (statement)


State 74

   34 statement: iterationStmt .

    $default  reduce using rule 34 (statement)


State 75

   35 statement: returnStmt .

    $default  reduce using rule 35 (statement)


State 76

   36 statement: breakStmt .

    $default  reduce using rule 36 (statement)


State 77

   37 expressionStmt: expression . SEMI

    SEMI  shift, and go to state 114


State 78

   84 expression: simpleExpression .
   85 simpleExpression: simpleExpression . OR andExpression

    OR  shift, and go to state 86

    $default  reduce using rule 84 (expression)


State 79

   77 expression: mutable . EQ expression
   78           | mutable . ADDASS expression
   79           | mutable . SUBASS expression
   80           | mutable . MULASS expression
   81           | mutable . DIVASS expression
   82           | mutable . INC
   83           | mutable . DEC
  114 factor: mutable .
  116 mutable: mutable . LIndex expression RIndex

    EQ      shift, and go to state 115
    LIndex  shift, and go to state 103
    ADDASS  shift, and go to state 116
    SUBASS  shift, and go to state 117
    MULASS  shift, and go to state 118
    DIVASS  shift, and go to state 119
    DEC     shift, and go to state 120
    INC     shift, and go to state 121

    $default  reduce using rule 114 (factor)


State 80

   23 paramList: paramList SEMI paramTypeList .

    $default  reduce using rule 23 (paramList)


State 81

   13 varDeclId: ID LIndex NUMCONST RIndex .

    $default  reduce using rule 13 (varDeclId)


State 82

   19 funDeclaration: typeSpecifier ID LP params RP . statement

    NUMCONST     shift, and go to state 36
    CHARCONST    shift, and go to state 37
    STRINGCONST  shift, and go to state 38
    QMARK        shift, and go to state 39
    MULTIPLY     shift, and go to state 40
    MINUS        shift, and go to state 41
    SEMI         shift, and go to state 62
    LB           shift, and go to state 63
    LP           shift, and go to state 42
    IF           shift, and go to state 64
    WHILE        shift, and go to state 65
    LOOP         shift, and go to state 66
    BREAK        shift, and go to state 67
    NOT          shift, and go to state 43
    RETURN       shift, and go to state 68
    TRUE         shift, and go to state 44
    FALSE        shift, and go to state 45
    ID           shift, and go to state 46

    statement           go to state 122
    expressionStmt      go to state 70
    compoundStmt        go to state 71
    matchedIf           go to state 72
    unmatchedIf         go to state 73
    iterationStmt       go to state 74
    returnStmt          go to state 75
    breakStmt           go to state 76
    expression          go to state 77
    simpleExpression    go to state 78
    andExpression       go to state 48
    unaryRelExpression  go to state 49
    relExpression       go to state 50
    sumExpression       go to state 51
    mulExpression       go to state 52
    unaryExpression     go to state 53
    unaryop             go to state 54
    factor              go to state 55
    mutable             go to state 79
    immutable           go to state 57
    call                go to state 58
    constant            go to state 59


State 83

  117 immutable: LP expression . RP

    RP  shift, and go to state 123


State 84

   89 unaryRelExpression: NOT unaryRelExpression .

    $default  reduce using rule 89 (unaryRelExpression)


State 85

  120 call: ID LP . args RP

    NUMCONST     shift, and go to state 36
    CHARCONST    shift, and go to state 37
    STRINGCONST  shift, and go to state 38
    QMARK        shift, and go to state 39
    MULTIPLY     shift, and go to state 40
    MINUS        shift, and go to state 41
    LP           shift, and go to state 42
    NOT          shift, and go to state 43
    TRUE         shift, and go to state 44
    FALSE        shift, and go to state 45
    ID           shift, and go to state 46

    $default  reduce using rule 122 (args)

    expression          go to state 124
    simpleExpression    go to state 78
    andExpression       go to state 48
    unaryRelExpression  go to state 49
    relExpression       go to state 50
    sumExpression       go to state 51
    mulExpression       go to state 52
    unaryExpression     go to state 53
    unaryop             go to state 54
    factor              go to state 55
    mutable             go to state 79
    immutable           go to state 57
    call                go to state 58
    args                go to state 125
    argList             go to state 126
    constant            go to state 59


State 86

   85 simpleExpression: simpleExpression OR . andExpression

    NUMCONST     shift, and go to state 36
    CHARCONST    shift, and go to state 37
    STRINGCONST  shift, and go to state 38
    QMARK        shift, and go to state 39
    MULTIPLY     shift, and go to state 40
    MINUS        shift, and go to state 41
    LP           shift, and go to state 42
    NOT          shift, and go to state 43
    TRUE         shift, and go to state 44
    FALSE        shift, and go to state 45
    ID           shift, and go to state 46

    andExpression       go to state 127
    unaryRelExpression  go to state 49
    relExpression       go to state 50
    sumExpression       go to state 51
    mulExpression       go to state 52
    unaryExpression     go to state 53
    unaryop             go to state 54
    factor              go to state 55
    mutable             go to state 56
    immutable           go to state 57
    call                go to state 58
    constant            go to state 59


State 87

   87 andExpression: andExpression AND . unaryRelExpression

    NUMCONST     shift, and go to state 36
    CHARCONST    shift, and go to state 37
    STRINGCONST  shift, and go to state 38
    QMARK        shift, and go to state 39
    MULTIPLY     shift, and go to state 40
    MINUS        shift, and go to state 41
    LP           shift, and go to state 42
    NOT          shift, and go to state 43
    TRUE         shift, and go to state 44
    FALSE        shift, and go to state 45
    ID           shift, and go to state 46

    unaryRelExpression  go to state 128
    relExpression       go to state 50
    sumExpression       go to state 51
    mulExpression       go to state 52
    unaryExpression     go to state 53
    unaryop             go to state 54
    factor              go to state 55
    mutable             go to state 56
    immutable           go to state 57
    call                go to state 58
    constant            go to state 59


State 88

  102 sumop: MINUS .

    $default  reduce using rule 102 (sumop)


State 89

  101 sumop: PLUS .

    $default  reduce using rule 101 (sumop)


State 90

   94 relop: LESS .

    $default  reduce using rule 94 (relop)


State 91

   95 relop: GRET .

    $default  reduce using rule 95 (relop)


State 92

   93 relop: EQEQ .

    $default  reduce using rule 93 (relop)


State 93

   98 relop: NOTEQ .

    $default  reduce using rule 98 (relop)


State 94

   97 relop: LESSEQ .

    $default  reduce using rule 97 (relop)


State 95

   96 relop: GRETEQ .

    $default  reduce using rule 96 (relop)


State 96

   91 relExpression: sumExpression relop . sumExpression

    NUMCONST     shift, and go to state 36
    CHARCONST    shift, and go to state 37
    STRINGCONST  shift, and go to state 38
    QMARK        shift, and go to state 39
    MULTIPLY     shift, and go to state 40
    MINUS        shift, and go to state 41
    LP           shift, and go to state 42
    TRUE         shift, and go to state 44
    FALSE        shift, and go to state 45
    ID           shift, and go to state 46

    sumExpression    go to state 129
    mulExpression    go to state 52
    unaryExpression  go to state 53
    unaryop          go to state 54
    factor           go to state 55
    mutable          go to state 56
    immutable        go to state 57
    call             go to state 58
    constant         go to state 59


State 97

   99 sumExpression: sumExpression sumop . mulExpression

    NUMCONST     shift, and go to state 36
    CHARCONST    shift, and go to state 37
    STRINGCONST  shift, and go to state 38
    QMARK        shift, and go to state 39
    MULTIPLY     shift, and go to state 40
    MINUS        shift, and go to state 41
    LP           shift, and go to state 42
    TRUE         shift, and go to state 44
    FALSE        shift, and go to state 45
    ID           shift, and go to state 46

    mulExpression    go to state 130
    unaryExpression  go to state 53
    unaryop          go to state 54
    factor           go to state 55
    mutable          go to state 56
    immutable        go to state 57
    call             go to state 58
    constant         go to state 59


State 98

  105 mulop: MULTIPLY .

    $default  reduce using rule 105 (mulop)


State 99

  107 mulop: PERCENT .

    $default  reduce using rule 107 (mulop)


State 100

  106 mulop: DIV .

    $default  reduce using rule 106 (mulop)


State 101

  103 mulExpression: mulExpression mulop . unaryExpression

    NUMCONST     shift, and go to state 36
    CHARCONST    shift, and go to state 37
    STRINGCONST  shift, and go to state 38
    QMARK        shift, and go to state 39
    MULTIPLY     shift, and go to state 40
    MINUS        shift, and go to state 41
    LP           shift, and go to state 42
    TRUE         shift, and go to state 44
    FALSE        shift, and go to state 45
    ID           shift, and go to state 46

    unaryExpression  go to state 131
    unaryop          go to state 54
    factor           go to state 55
    mutable          go to state 56
    immutable        go to state 57
    call             go to state 58
    constant         go to state 59


State 102

  108 unaryExpression: unaryop unaryExpression .

    $default  reduce using rule 108 (unaryExpression)


State 103

  116 mutable: mutable LIndex . expression RIndex

    NUMCONST     shift, and go to state 36
    CHARCONST    shift, and go to state 37
    STRINGCONST  shift, and go to state 38
    QMARK        shift, and go to state 39
    MULTIPLY     shift, and go to state 40
    MINUS        shift, and go to state 41
    LP           shift, and go to state 42
    NOT          shift, and go to state 43
    TRUE         shift, and go to state 44
    FALSE        shift, and go to state 45
    ID           shift, and go to state 46

    expression          go to state 132
    simpleExpression    go to state 78
    andExpression       go to state 48
    unaryRelExpression  go to state 49
    relExpression       go to state 50
    sumExpression       go to state 51
    mulExpression       go to state 52
    unaryExpression     go to state 53
    unaryop             go to state 54
    factor              go to state 55
    mutable             go to state 79
    immutable           go to state 57
    call                go to state 58
    constant            go to state 59


State 104

   29 paramId: ID LIndex RIndex .

    $default  reduce using rule 29 (paramId)


State 105

   26 paramIdList: paramIdList COM paramId .

    $default  reduce using rule 26 (paramIdList)


State 106

   39 compoundStmt: LB localDeclarations . statementList RB
   40 localDeclarations: localDeclarations . scopedVarDeclaration

    INT     shift, and go to state 2
    BOOL    shift, and go to state 3
    CHAR    shift, and go to state 4
    STATIC  shift, and go to state 133

    $default  reduce using rule 43 (statementList)

    scopedVarDeclaration  go to state 134
    scopedTypeSpecifier   go to state 135
    typeSpecifier         go to state 136
    statementList         go to state 137


State 107

   53 matchedIf: IF simpleExpression . THEN matched matchedElse
   56 unmatchedIf: IF simpleExpression . THEN matched
   57            | IF simpleExpression . THEN unmatched
   58            | IF simpleExpression . THEN matched unmatchedElse
   85 simpleExpression: simpleExpression . OR andExpression

    THEN  shift, and go to state 138
    OR    shift, and go to state 86


State 108

   71 iterationStmt: WHILE simpleExpression . DO statement
   85 simpleExpression: simpleExpression . OR andExpression

    DO  shift, and go to state 139
    OR  shift, and go to state 86


State 109

   72 iterationStmt: LOOP FOREVER . statement

    NUMCONST     shift, and go to state 36
    CHARCONST    shift, and go to state 37
    STRINGCONST  shift, and go to state 38
    QMARK        shift, and go to state 39
    MULTIPLY     shift, and go to state 40
    MINUS        shift, and go to state 41
    SEMI         shift, and go to state 62
    LB           shift, and go to state 63
    LP           shift, and go to state 42
    IF           shift, and go to state 64
    WHILE        shift, and go to state 65
    LOOP         shift, and go to state 66
    BREAK        shift, and go to state 67
    NOT          shift, and go to state 43
    RETURN       shift, and go to state 68
    TRUE         shift, and go to state 44
    FALSE        shift, and go to state 45
    ID           shift, and go to state 46

    statement           go to state 140
    expressionStmt      go to state 70
    compoundStmt        go to state 71
    matchedIf           go to state 72
    unmatchedIf         go to state 73
    iterationStmt       go to state 74
    returnStmt          go to state 75
    breakStmt           go to state 76
    expression          go to state 77
    simpleExpression    go to state 78
    andExpression       go to state 48
    unaryRelExpression  go to state 49
    relExpression       go to state 50
    sumExpression       go to state 51
    mulExpression       go to state 52
    unaryExpression     go to state 53
    unaryop             go to state 54
    factor              go to state 55
    mutable             go to state 79
    immutable           go to state 57
    call                go to state 58
    constant            go to state 59


State 110

   73 iterationStmt: LOOP ID . iterationRange DO statement

    EQ  shift, and go to state 141

    iterationRange  go to state 142


State 111

   76 breakStmt: BREAK SEMI .

    $default  reduce using rule 76 (breakStmt)


State 112

   74 returnStmt: RETURN SEMI .

    $default  reduce using rule 74 (returnStmt)


State 113

   75 returnStmt: RETURN expression . SEMI

    SEMI  shift, and go to state 143


State 114

   37 expressionStmt: expression SEMI .

    $default  reduce using rule 37 (expressionStmt)


State 115

   77 expression: mutable EQ . expression

    NUMCONST     shift, and go to state 36
    CHARCONST    shift, and go to state 37
    STRINGCONST  shift, and go to state 38
    QMARK        shift, and go to state 39
    MULTIPLY     shift, and go to state 40
    MINUS        shift, and go to state 41
    LP           shift, and go to state 42
    NOT          shift, and go to state 43
    TRUE         shift, and go to state 44
    FALSE        shift, and go to state 45
    ID           shift, and go to state 46

    expression          go to state 144
    simpleExpression    go to state 78
    andExpression       go to state 48
    unaryRelExpression  go to state 49
    relExpression       go to state 50
    sumExpression       go to state 51
    mulExpression       go to state 52
    unaryExpression     go to state 53
    unaryop             go to state 54
    factor              go to state 55
    mutable             go to state 79
    immutable           go to state 57
    call                go to state 58
    constant            go to state 59


State 116

   78 expression: mutable ADDASS . expression

    NUMCONST     shift, and go to state 36
    CHARCONST    shift, and go to state 37
    STRINGCONST  shift, and go to state 38
    QMARK        shift, and go to state 39
    MULTIPLY     shift, and go to state 40
    MINUS        shift, and go to state 41
    LP           shift, and go to state 42
    NOT          shift, and go to state 43
    TRUE         shift, and go to state 44
    FALSE        shift, and go to state 45
    ID           shift, and go to state 46

    expression          go to state 145
    simpleExpression    go to state 78
    andExpression       go to state 48
    unaryRelExpression  go to state 49
    relExpression       go to state 50
    sumExpression       go to state 51
    mulExpression       go to state 52
    unaryExpression     go to state 53
    unaryop             go to state 54
    factor              go to state 55
    mutable             go to state 79
    immutable           go to state 57
    call                go to state 58
    constant            go to state 59


State 117

   79 expression: mutable SUBASS . expression

    NUMCONST     shift, and go to state 36
    CHARCONST    shift, and go to state 37
    STRINGCONST  shift, and go to state 38
    QMARK        shift, and go to state 39
    MULTIPLY     shift, and go to state 40
    MINUS        shift, and go to state 41
    LP           shift, and go to state 42
    NOT          shift, and go to state 43
    TRUE         shift, and go to state 44
    FALSE        shift, and go to state 45
    ID           shift, and go to state 46

    expression          go to state 146
    simpleExpression    go to state 78
    andExpression       go to state 48
    unaryRelExpression  go to state 49
    relExpression       go to state 50
    sumExpression       go to state 51
    mulExpression       go to state 52
    unaryExpression     go to state 53
    unaryop             go to state 54
    factor              go to state 55
    mutable             go to state 79
    immutable           go to state 57
    call                go to state 58
    constant            go to state 59


State 118

   80 expression: mutable MULASS . expression

    NUMCONST     shift, and go to state 36
    CHARCONST    shift, and go to state 37
    STRINGCONST  shift, and go to state 38
    QMARK        shift, and go to state 39
    MULTIPLY     shift, and go to state 40
    MINUS        shift, and go to state 41
    LP           shift, and go to state 42
    NOT          shift, and go to state 43
    TRUE         shift, and go to state 44
    FALSE        shift, and go to state 45
    ID           shift, and go to state 46

    expression          go to state 147
    simpleExpression    go to state 78
    andExpression       go to state 48
    unaryRelExpression  go to state 49
    relExpression       go to state 50
    sumExpression       go to state 51
    mulExpression       go to state 52
    unaryExpression     go to state 53
    unaryop             go to state 54
    factor              go to state 55
    mutable             go to state 79
    immutable           go to state 57
    call                go to state 58
    constant            go to state 59


State 119

   81 expression: mutable DIVASS . expression

    NUMCONST     shift, and go to state 36
    CHARCONST    shift, and go to state 37
    STRINGCONST  shift, and go to state 38
    QMARK        shift, and go to state 39
    MULTIPLY     shift, and go to state 40
    MINUS        shift, and go to state 41
    LP           shift, and go to state 42
    NOT          shift, and go to state 43
    TRUE         shift, and go to state 44
    FALSE        shift, and go to state 45
    ID           shift, and go to state 46

    expression          go to state 148
    simpleExpression    go to state 78
    andExpression       go to state 48
    unaryRelExpression  go to state 49
    relExpression       go to state 50
    sumExpression       go to state 51
    mulExpression       go to state 52
    unaryExpression     go to state 53
    unaryop             go to state 54
    factor              go to state 55
    mutable             go to state 79
    immutable           go to state 57
    call                go to state 58
    constant            go to state 59


State 120

   83 expression: mutable DEC .

    $default  reduce using rule 83 (expression)


State 121

   82 expression: mutable INC .

    $default  reduce using rule 82 (expression)


State 122

   19 funDeclaration: typeSpecifier ID LP params RP statement .

    $default  reduce using rule 19 (funDeclaration)


State 123

  117 immutable: LP expression RP .

    $default  reduce using rule 117 (immutable)


State 124

  124 argList: expression .

    $default  reduce using rule 124 (argList)


State 125

  120 call: ID LP args . RP

    RP  shift, and go to state 149


State 126

  121 args: argList .
  123 argList: argList . COM expression

    COM  shift, and go to state 150

    $default  reduce using rule 121 (args)


State 127

   85 simpleExpression: simpleExpression OR andExpression .
   87 andExpression: andExpression . AND unaryRelExpression

    AND  shift, and go to state 87

    $default  reduce using rule 85 (simpleExpression)


State 128

   87 andExpression: andExpression AND unaryRelExpression .

    $default  reduce using rule 87 (andExpression)


State 129

   91 relExpression: sumExpression relop sumExpression .
   99 sumExpression: sumExpression . sumop mulExpression

    MINUS  shift, and go to state 88
    PLUS   shift, and go to state 89

    $default  reduce using rule 91 (relExpression)

    sumop  go to state 97


State 130

   99 sumExpression: sumExpression sumop mulExpression .
  103 mulExpression: mulExpression . mulop unaryExpression

    MULTIPLY  shift, and go to state 98
    PERCENT   shift, and go to state 99
    DIV       shift, and go to state 100

    $default  reduce using rule 99 (sumExpression)

    mulop  go to state 101


State 131

  103 mulExpression: mulExpression mulop unaryExpression .

    $default  reduce using rule 103 (mulExpression)


State 132

  116 mutable: mutable LIndex expression . RIndex

    RIndex  shift, and go to state 151


State 133

   14 scopedTypeSpecifier: STATIC . typeSpecifier

    INT   shift, and go to state 2
    BOOL  shift, and go to state 3
    CHAR  shift, and go to state 4

    typeSpecifier  go to state 152


State 134

   40 localDeclarations: localDeclarations scopedVarDeclaration .

    $default  reduce using rule 40 (localDeclarations)


State 135

    7 scopedVarDeclaration: scopedTypeSpecifier . varDeclList SEMI

    ID  shift, and go to state 34

    varDeclList        go to state 153
    varDeclInitialize  go to state 16
    varDeclId          go to state 17


State 136

   15 scopedTypeSpecifier: typeSpecifier .

    $default  reduce using rule 15 (scopedTypeSpecifier)


State 137

   39 compoundStmt: LB localDeclarations statementList . RB
   42 statementList: statementList . statement

    NUMCONST     shift, and go to state 36
    CHARCONST    shift, and go to state 37
    STRINGCONST  shift, and go to state 38
    QMARK        shift, and go to state 39
    MULTIPLY     shift, and go to state 40
    MINUS        shift, and go to state 41
    SEMI         shift, and go to state 62
    LB           shift, and go to state 63
    RB           shift, and go to state 154
    LP           shift, and go to state 42
    IF           shift, and go to state 64
    WHILE        shift, and go to state 65
    LOOP         shift, and go to state 66
    BREAK        shift, and go to state 67
    NOT          shift, and go to state 43
    RETURN       shift, and go to state 68
    TRUE         shift, and go to state 44
    FALSE        shift, and go to state 45
    ID           shift, and go to state 46

    statement           go to state 155
    expressionStmt      go to state 70
    compoundStmt        go to state 71
    matchedIf           go to state 72
    unmatchedIf         go to state 73
    iterationStmt       go to state 74
    returnStmt          go to state 75
    breakStmt           go to state 76
    expression          go to state 77
    simpleExpression    go to state 78
    andExpression       go to state 48
    unaryRelExpression  go to state 49
    relExpression       go to state 50
    sumExpression       go to state 51
    mulExpression       go to state 52
    unaryExpression     go to state 53
    unaryop             go to state 54
    factor              go to state 55
    mutable             go to state 79
    immutable           go to state 57
    call                go to state 58
    constant            go to state 59


State 138

   53 matchedIf: IF simpleExpression THEN . matched matchedElse
   56 unmatchedIf: IF simpleExpression THEN . matched
   57            | IF simpleExpression THEN . unmatched
   58            | IF simpleExpression THEN . matched unmatchedElse

    NUMCONST     shift, and go to state 36
    CHARCONST    shift, and go to state 37
    STRINGCONST  shift, and go to state 38
    QMARK        shift, and go to state 39
    MULTIPLY     shift, and go to state 40
    MINUS        shift, and go to state 41
    SEMI         shift, and go to state 62
    LB           shift, and go to state 63
    LP           shift, and go to state 42
    IF           shift, and go to state 64
    WHILE        shift, and go to state 156
    LOOP         shift, and go to state 157
    BREAK        shift, and go to state 67
    NOT          shift, and go to state 43
    RETURN       shift, and go to state 68
    TRUE         shift, and go to state 44
    FALSE        shift, and go to state 45
    ID           shift, and go to state 46

    expressionStmt      go to state 158
    compoundStmt        go to state 159
    partialStmt         go to state 160
    matched             go to state 161
    unmatched           go to state 162
    matchedIf           go to state 163
    unmatchedIf         go to state 164
    matchedWhile        go to state 165
    unmatchedWhile      go to state 166
    returnStmt          go to state 167
    breakStmt           go to state 168
    expression          go to state 77
    simpleExpression    go to state 78
    andExpression       go to state 48
    unaryRelExpression  go to state 49
    relExpression       go to state 50
    sumExpression       go to state 51
    mulExpression       go to state 52
    unaryExpression     go to state 53
    unaryop             go to state 54
    factor              go to state 55
    mutable             go to state 79
    immutable           go to state 57
    call                go to state 58
    constant            go to state 59


State 139

   71 iterationStmt: WHILE simpleExpression DO . statement

    NUMCONST     shift, and go to state 36
    CHARCONST    shift, and go to state 37
    STRINGCONST  shift, and go to state 38
    QMARK        shift, and go to state 39
    MULTIPLY     shift, and go to state 40
    MINUS        shift, and go to state 41
    SEMI         shift, and go to state 62
    LB           shift, and go to state 63
    LP           shift, and go to state 42
    IF           shift, and go to state 64
    WHILE        shift, and go to state 65
    LOOP         shift, and go to state 66
    BREAK        shift, and go to state 67
    NOT          shift, and go to state 43
    RETURN       shift, and go to state 68
    TRUE         shift, and go to state 44
    FALSE        shift, and go to state 45
    ID           shift, and go to state 46

    statement           go to state 169
    expressionStmt      go to state 70
    compoundStmt        go to state 71
    matchedIf           go to state 72
    unmatchedIf         go to state 73
    iterationStmt       go to state 74
    returnStmt          go to state 75
    breakStmt           go to state 76
    expression          go to state 77
    simpleExpression    go to state 78
    andExpression       go to state 48
    unaryRelExpression  go to state 49
    relExpression       go to state 50
    sumExpression       go to state 51
    mulExpression       go to state 52
    unaryExpression     go to state 53
    unaryop             go to state 54
    factor              go to state 55
    mutable             go to state 79
    immutable           go to state 57
    call                go to state 58
    constant            go to state 59


State 140

   72 iterationStmt: LOOP FOREVER statement .

    $default  reduce using rule 72 (iterationStmt)


State 141

   63 iterationRange: EQ . simpleExpression RANGE simpleExpression
   64               | EQ . simpleExpression RANGE simpleExpression COL simpleExpression

    NUMCONST     shift, and go to state 36
    CHARCONST    shift, and go to state 37
    STRINGCONST  shift, and go to state 38
    QMARK        shift, and go to state 39
    MULTIPLY     shift, and go to state 40
    MINUS        shift, and go to state 41
    LP           shift, and go to state 42
    NOT          shift, and go to state 43
    TRUE         shift, and go to state 44
    FALSE        shift, and go to state 45
    ID           shift, and go to state 46

    simpleExpression    go to state 170
    andExpression       go to state 48
    unaryRelExpression  go to state 49
    relExpression       go to state 50
    sumExpression       go to state 51
    mulExpression       go to state 52
    unaryExpression     go to state 53
    unaryop             go to state 54
    factor              go to state 55
    mutable             go to state 56
    immutable           go to state 57
    call                go to state 58
    constant            go to state 59


State 142

   73 iterationStmt: LOOP ID iterationRange . DO statement

    DO  shift, and go to state 171


State 143

   75 returnStmt: RETURN expression SEMI .

    $default  reduce using rule 75 (returnStmt)


State 144

   77 expression: mutable EQ expression .

    $default  reduce using rule 77 (expression)


State 145

   78 expression: mutable ADDASS expression .

    $default  reduce using rule 78 (expression)


State 146

   79 expression: mutable SUBASS expression .

    $default  reduce using rule 79 (expression)


State 147

   80 expression: mutable MULASS expression .

    $default  reduce using rule 80 (expression)


State 148

   81 expression: mutable DIVASS expression .

    $default  reduce using rule 81 (expression)


State 149

  120 call: ID LP args RP .

    $default  reduce using rule 120 (call)


State 150

  123 argList: argList COM . expression

    NUMCONST     shift, and go to state 36
    CHARCONST    shift, and go to state 37
    STRINGCONST  shift, and go to state 38
    QMARK        shift, and go to state 39
    MULTIPLY     shift, and go to state 40
    MINUS        shift, and go to state 41
    LP           shift, and go to state 42
    NOT          shift, and go to state 43
    TRUE         shift, and go to state 44
    FALSE        shift, and go to state 45
    ID           shift, and go to state 46

    expression          go to state 172
    simpleExpression    go to state 78
    andExpression       go to state 48
    unaryRelExpression  go to state 49
    relExpression       go to state 50
    sumExpression       go to state 51
    mulExpression       go to state 52
    unaryExpression     go to state 53
    unaryop             go to state 54
    factor              go to state 55
    mutable             go to state 79
    immutable           go to state 57
    call                go to state 58
    constant            go to state 59


State 151

  116 mutable: mutable LIndex expression RIndex .

    $default  reduce using rule 116 (mutable)


State 152

   14 scopedTypeSpecifier: STATIC typeSpecifier .

    $default  reduce using rule 14 (scopedTypeSpecifier)


State 153

    7 scopedVarDeclaration: scopedTypeSpecifier varDeclList . SEMI
    8 varDeclList: varDeclList . COM varDeclInitialize

    SEMI  shift, and go to state 173
    COM   shift, and go to state 25


State 154

   39 compoundStmt: LB localDeclarations statementList RB .

    $default  reduce using rule 39 (compoundStmt)


State 155

   42 statementList: statementList statement .

    $default  reduce using rule 42 (statementList)


State 156

   65 matchedWhile: WHILE . simpleExpression DO matched
   68 unmatchedWhile: WHILE . simpleExpression DO unmatched

    NUMCONST     shift, and go to state 36
    CHARCONST    shift, and go to state 37
    STRINGCONST  shift, and go to state 38
    QMARK        shift, and go to state 39
    MULTIPLY     shift, and go to state 40
    MINUS        shift, and go to state 41
    LP           shift, and go to state 42
    NOT          shift, and go to state 43
    TRUE         shift, and go to state 44
    FALSE        shift, and go to state 45
    ID           shift, and go to state 46

    simpleExpression    go to state 174
    andExpression       go to state 48
    unaryRelExpression  go to state 49
    relExpression       go to state 50
    sumExpression       go to state 51
    mulExpression       go to state 52
    unaryExpression     go to state 53
    unaryop             go to state 54
    factor              go to state 55
    mutable             go to state 56
    immutable           go to state 57
    call                go to state 58
    constant            go to state 59


State 157

   66 matchedWhile: LOOP . FOREVER matched
   67             | LOOP . ID iterationRange DO matched
   69 unmatchedWhile: LOOP . FOREVER unmatched
   70               | LOOP . ID iterationRange DO unmatched

    FOREVER  shift, and go to state 175
    ID       shift, and go to state 176


State 158

   44 partialStmt: expressionStmt .

    $default  reduce using rule 44 (partialStmt)


State 159

   45 partialStmt: compoundStmt .

    $default  reduce using rule 45 (partialStmt)


State 160

   50 matched: partialStmt .

    $default  reduce using rule 50 (matched)


State 161

   53 matchedIf: IF simpleExpression THEN matched . matchedElse
   56 unmatchedIf: IF simpleExpression THEN matched .
   58            | IF simpleExpression THEN matched . unmatchedElse

    ELSE   shift, and go to state 177
    ELSIF  shift, and go to state 178

    $default  reduce using rule 56 (unmatchedIf)

    matchedElse    go to state 179
    unmatchedElse  go to state 180


State 162

   57 unmatchedIf: IF simpleExpression THEN unmatched .

    $default  reduce using rule 57 (unmatchedIf)


State 163

   48 matched: matchedIf .

    $default  reduce using rule 48 (matched)


State 164

   51 unmatched: unmatchedIf .

    $default  reduce using rule 51 (unmatched)


State 165

   49 matched: matchedWhile .

    $default  reduce using rule 49 (matched)


State 166

   52 unmatched: unmatchedWhile .

    $default  reduce using rule 52 (unmatched)


State 167

   46 partialStmt: returnStmt .

    $default  reduce using rule 46 (partialStmt)


State 168

   47 partialStmt: breakStmt .

    $default  reduce using rule 47 (partialStmt)


State 169

   71 iterationStmt: WHILE simpleExpression DO statement .

    $default  reduce using rule 71 (iterationStmt)


State 170

   63 iterationRange: EQ simpleExpression . RANGE simpleExpression
   64               | EQ simpleExpression . RANGE simpleExpression COL simpleExpression
   85 simpleExpression: simpleExpression . OR andExpression

    RANGE  shift, and go to state 181
    OR     shift, and go to state 86


State 171

   73 iterationStmt: LOOP ID iterationRange DO . statement

    NUMCONST     shift, and go to state 36
    CHARCONST    shift, and go to state 37
    STRINGCONST  shift, and go to state 38
    QMARK        shift, and go to state 39
    MULTIPLY     shift, and go to state 40
    MINUS        shift, and go to state 41
    SEMI         shift, and go to state 62
    LB           shift, and go to state 63
    LP           shift, and go to state 42
    IF           shift, and go to state 64
    WHILE        shift, and go to state 65
    LOOP         shift, and go to state 66
    BREAK        shift, and go to state 67
    NOT          shift, and go to state 43
    RETURN       shift, and go to state 68
    TRUE         shift, and go to state 44
    FALSE        shift, and go to state 45
    ID           shift, and go to state 46

    statement           go to state 182
    expressionStmt      go to state 70
    compoundStmt        go to state 71
    matchedIf           go to state 72
    unmatchedIf         go to state 73
    iterationStmt       go to state 74
    returnStmt          go to state 75
    breakStmt           go to state 76
    expression          go to state 77
    simpleExpression    go to state 78
    andExpression       go to state 48
    unaryRelExpression  go to state 49
    relExpression       go to state 50
    sumExpression       go to state 51
    mulExpression       go to state 52
    unaryExpression     go to state 53
    unaryop             go to state 54
    factor              go to state 55
    mutable             go to state 79
    immutable           go to state 57
    call                go to state 58
    constant            go to state 59


State 172

  123 argList: argList COM expression .

    $default  reduce using rule 123 (argList)


State 173

    7 scopedVarDeclaration: scopedTypeSpecifier varDeclList SEMI .

    $default  reduce using rule 7 (scopedVarDeclaration)


State 174

   65 matchedWhile: WHILE simpleExpression . DO matched
   68 unmatchedWhile: WHILE simpleExpression . DO unmatched
   85 simpleExpression: simpleExpression . OR andExpression

    DO  shift, and go to state 183
    OR  shift, and go to state 86


State 175

   66 matchedWhile: LOOP FOREVER . matched
   69 unmatchedWhile: LOOP FOREVER . unmatched

    NUMCONST     shift, and go to state 36
    CHARCONST    shift, and go to state 37
    STRINGCONST  shift, and go to state 38
    QMARK        shift, and go to state 39
    MULTIPLY     shift, and go to state 40
    MINUS        shift, and go to state 41
    SEMI         shift, and go to state 62
    LB           shift, and go to state 63
    LP           shift, and go to state 42
    IF           shift, and go to state 64
    WHILE        shift, and go to state 156
    LOOP         shift, and go to state 157
    BREAK        shift, and go to state 67
    NOT          shift, and go to state 43
    RETURN       shift, and go to state 68
    TRUE         shift, and go to state 44
    FALSE        shift, and go to state 45
    ID           shift, and go to state 46

    expressionStmt      go to state 158
    compoundStmt        go to state 159
    partialStmt         go to state 160
    matched             go to state 184
    unmatched           go to state 185
    matchedIf           go to state 163
    unmatchedIf         go to state 164
    matchedWhile        go to state 165
    unmatchedWhile      go to state 166
    returnStmt          go to state 167
    breakStmt           go to state 168
    expression          go to state 77
    simpleExpression    go to state 78
    andExpression       go to state 48
    unaryRelExpression  go to state 49
    relExpression       go to state 50
    sumExpression       go to state 51
    mulExpression       go to state 52
    unaryExpression     go to state 53
    unaryop             go to state 54
    factor              go to state 55
    mutable             go to state 79
    immutable           go to state 57
    call                go to state 58
    constant            go to state 59


State 176

   67 matchedWhile: LOOP ID . iterationRange DO matched
   70 unmatchedWhile: LOOP ID . iterationRange DO unmatched

    EQ  shift, and go to state 141

    iterationRange  go to state 186


State 177

   55 matchedElse: ELSE . matched
   62 unmatchedElse: ELSE . unmatched

    NUMCONST     shift, and go to state 36
    CHARCONST    shift, and go to state 37
    STRINGCONST  shift, and go to state 38
    QMARK        shift, and go to state 39
    MULTIPLY     shift, and go to state 40
    MINUS        shift, and go to state 41
    SEMI         shift, and go to state 62
    LB           shift, and go to state 63
    LP           shift, and go to state 42
    IF           shift, and go to state 64
    WHILE        shift, and go to state 156
    LOOP         shift, and go to state 157
    BREAK        shift, and go to state 67
    NOT          shift, and go to state 43
    RETURN       shift, and go to state 68
    TRUE         shift, and go to state 44
    FALSE        shift, and go to state 45
    ID           shift, and go to state 46

    expressionStmt      go to state 158
    compoundStmt        go to state 159
    partialStmt         go to state 160
    matched             go to state 187
    unmatched           go to state 188
    matchedIf           go to state 163
    unmatchedIf         go to state 164
    matchedWhile        go to state 165
    unmatchedWhile      go to state 166
    returnStmt          go to state 167
    breakStmt           go to state 168
    expression          go to state 77
    simpleExpression    go to state 78
    andExpression       go to state 48
    unaryRelExpression  go to state 49
    relExpression       go to state 50
    sumExpression       go to state 51
    mulExpression       go to state 52
    unaryExpression     go to state 53
    unaryop             go to state 54
    factor              go to state 55
    mutable             go to state 79
    immutable           go to state 57
    call                go to state 58
    constant            go to state 59


State 178

   54 matchedElse: ELSIF . simpleExpression THEN matched matchedElse
   59 unmatchedElse: ELSIF . simpleExpression THEN matched
   60              | ELSIF . simpleExpression THEN matched unmatchedElse
   61              | ELSIF . simpleExpression THEN unmatched

    NUMCONST     shift, and go to state 36
    CHARCONST    shift, and go to state 37
    STRINGCONST  shift, and go to state 38
    QMARK        shift, and go to state 39
    MULTIPLY     shift, and go to state 40
    MINUS        shift, and go to state 41
    LP           shift, and go to state 42
    NOT          shift, and go to state 43
    TRUE         shift, and go to state 44
    FALSE        shift, and go to state 45
    ID           shift, and go to state 46

    simpleExpression    go to state 189
    andExpression       go to state 48
    unaryRelExpression  go to state 49
    relExpression       go to state 50
    sumExpression       go to state 51
    mulExpression       go to state 52
    unaryExpression     go to state 53
    unaryop             go to state 54
    factor              go to state 55
    mutable             go to state 56
    immutable           go to state 57
    call                go to state 58
    constant            go to state 59


State 179

   53 matchedIf: IF simpleExpression THEN matched matchedElse .

    $default  reduce using rule 53 (matchedIf)


State 180

   58 unmatchedIf: IF simpleExpression THEN matched unmatchedElse .

    $default  reduce using rule 58 (unmatchedIf)


State 181

   63 iterationRange: EQ simpleExpression RANGE . simpleExpression
   64               | EQ simpleExpression RANGE . simpleExpression COL simpleExpression

    NUMCONST     shift, and go to state 36
    CHARCONST    shift, and go to state 37
    STRINGCONST  shift, and go to state 38
    QMARK        shift, and go to state 39
    MULTIPLY     shift, and go to state 40
    MINUS        shift, and go to state 41
    LP           shift, and go to state 42
    NOT          shift, and go to state 43
    TRUE         shift, and go to state 44
    FALSE        shift, and go to state 45
    ID           shift, and go to state 46

    simpleExpression    go to state 190
    andExpression       go to state 48
    unaryRelExpression  go to state 49
    relExpression       go to state 50
    sumExpression       go to state 51
    mulExpression       go to state 52
    unaryExpression     go to state 53
    unaryop             go to state 54
    factor              go to state 55
    mutable             go to state 56
    immutable           go to state 57
    call                go to state 58
    constant            go to state 59


State 182

   73 iterationStmt: LOOP ID iterationRange DO statement .

    $default  reduce using rule 73 (iterationStmt)


State 183

   65 matchedWhile: WHILE simpleExpression DO . matched
   68 unmatchedWhile: WHILE simpleExpression DO . unmatched

    NUMCONST     shift, and go to state 36
    CHARCONST    shift, and go to state 37
    STRINGCONST  shift, and go to state 38
    QMARK        shift, and go to state 39
    MULTIPLY     shift, and go to state 40
    MINUS        shift, and go to state 41
    SEMI         shift, and go to state 62
    LB           shift, and go to state 63
    LP           shift, and go to state 42
    IF           shift, and go to state 64
    WHILE        shift, and go to state 156
    LOOP         shift, and go to state 157
    BREAK        shift, and go to state 67
    NOT          shift, and go to state 43
    RETURN       shift, and go to state 68
    TRUE         shift, and go to state 44
    FALSE        shift, and go to state 45
    ID           shift, and go to state 46

    expressionStmt      go to state 158
    compoundStmt        go to state 159
    partialStmt         go to state 160
    matched             go to state 191
    unmatched           go to state 192
    matchedIf           go to state 163
    unmatchedIf         go to state 164
    matchedWhile        go to state 165
    unmatchedWhile      go to state 166
    returnStmt          go to state 167
    breakStmt           go to state 168
    expression          go to state 77
    simpleExpression    go to state 78
    andExpression       go to state 48
    unaryRelExpression  go to state 49
    relExpression       go to state 50
    sumExpression       go to state 51
    mulExpression       go to state 52
    unaryExpression     go to state 53
    unaryop             go to state 54
    factor              go to state 55
    mutable             go to state 79
    immutable           go to state 57
    call                go to state 58
    constant            go to state 59


State 184

   66 matchedWhile: LOOP FOREVER matched .

    $default  reduce using rule 66 (matchedWhile)


State 185

   69 unmatchedWhile: LOOP FOREVER unmatched .

    $default  reduce using rule 69 (unmatchedWhile)


State 186

   67 matchedWhile: LOOP ID iterationRange . DO matched
   70 unmatchedWhile: LOOP ID iterationRange . DO unmatched

    DO  shift, and go to state 193


State 187

   55 matchedElse: ELSE matched .

    $default  reduce using rule 55 (matchedElse)


State 188

   62 unmatchedElse: ELSE unmatched .

    $default  reduce using rule 62 (unmatchedElse)


State 189

   54 matchedElse: ELSIF simpleExpression . THEN matched matchedElse
   59 unmatchedElse: ELSIF simpleExpression . THEN matched
   60              | ELSIF simpleExpression . THEN matched unmatchedElse
   61              | ELSIF simpleExpression . THEN unmatched
   85 simpleExpression: simpleExpression . OR andExpression

    THEN  shift, and go to state 194
    OR    shift, and go to state 86


State 190

   63 iterationRange: EQ simpleExpression RANGE simpleExpression .
   64               | EQ simpleExpression RANGE simpleExpression . COL simpleExpression
   85 simpleExpression: simpleExpression . OR andExpression

    COL  shift, and go to state 195
    OR   shift, and go to state 86

    $default  reduce using rule 63 (iterationRange)


State 191

   65 matchedWhile: WHILE simpleExpression DO matched .

    $default  reduce using rule 65 (matchedWhile)


State 192

   68 unmatchedWhile: WHILE simpleExpression DO unmatched .

    $default  reduce using rule 68 (unmatchedWhile)


State 193

   67 matchedWhile: LOOP ID iterationRange DO . matched
   70 unmatchedWhile: LOOP ID iterationRange DO . unmatched

    NUMCONST     shift, and go to state 36
    CHARCONST    shift, and go to state 37
    STRINGCONST  shift, and go to state 38
    QMARK        shift, and go to state 39
    MULTIPLY     shift, and go to state 40
    MINUS        shift, and go to state 41
    SEMI         shift, and go to state 62
    LB           shift, and go to state 63
    LP           shift, and go to state 42
    IF           shift, and go to state 64
    WHILE        shift, and go to state 156
    LOOP         shift, and go to state 157
    BREAK        shift, and go to state 67
    NOT          shift, and go to state 43
    RETURN       shift, and go to state 68
    TRUE         shift, and go to state 44
    FALSE        shift, and go to state 45
    ID           shift, and go to state 46

    expressionStmt      go to state 158
    compoundStmt        go to state 159
    partialStmt         go to state 160
    matched             go to state 196
    unmatched           go to state 197
    matchedIf           go to state 163
    unmatchedIf         go to state 164
    matchedWhile        go to state 165
    unmatchedWhile      go to state 166
    returnStmt          go to state 167
    breakStmt           go to state 168
    expression          go to state 77
    simpleExpression    go to state 78
    andExpression       go to state 48
    unaryRelExpression  go to state 49
    relExpression       go to state 50
    sumExpression       go to state 51
    mulExpression       go to state 52
    unaryExpression     go to state 53
    unaryop             go to state 54
    factor              go to state 55
    mutable             go to state 79
    immutable           go to state 57
    call                go to state 58
    constant            go to state 59


State 194

   54 matchedElse: ELSIF simpleExpression THEN . matched matchedElse
   59 unmatchedElse: ELSIF simpleExpression THEN . matched
   60              | ELSIF simpleExpression THEN . matched unmatchedElse
   61              | ELSIF simpleExpression THEN . unmatched

    NUMCONST     shift, and go to state 36
    CHARCONST    shift, and go to state 37
    STRINGCONST  shift, and go to state 38
    QMARK        shift, and go to state 39
    MULTIPLY     shift, and go to state 40
    MINUS        shift, and go to state 41
    SEMI         shift, and go to state 62
    LB           shift, and go to state 63
    LP           shift, and go to state 42
    IF           shift, and go to state 64
    WHILE        shift, and go to state 156
    LOOP         shift, and go to state 157
    BREAK        shift, and go to state 67
    NOT          shift, and go to state 43
    RETURN       shift, and go to state 68
    TRUE         shift, and go to state 44
    FALSE        shift, and go to state 45
    ID           shift, and go to state 46

    expressionStmt      go to state 158
    compoundStmt        go to state 159
    partialStmt         go to state 160
    matched             go to state 198
    unmatched           go to state 199
    matchedIf           go to state 163
    unmatchedIf         go to state 164
    matchedWhile        go to state 165
    unmatchedWhile      go to state 166
    returnStmt          go to state 167
    breakStmt           go to state 168
    expression          go to state 77
    simpleExpression    go to state 78
    andExpression       go to state 48
    unaryRelExpression  go to state 49
    relExpression       go to state 50
    sumExpression       go to state 51
    mulExpression       go to state 52
    unaryExpression     go to state 53
    unaryop             go to state 54
    factor              go to state 55
    mutable             go to state 79
    immutable           go to state 57
    call                go to state 58
    constant            go to state 59


State 195

   64 iterationRange: EQ simpleExpression RANGE simpleExpression COL . simpleExpression

    NUMCONST     shift, and go to state 36
    CHARCONST    shift, and go to state 37
    STRINGCONST  shift, and go to state 38
    QMARK        shift, and go to state 39
    MULTIPLY     shift, and go to state 40
    MINUS        shift, and go to state 41
    LP           shift, and go to state 42
    NOT          shift, and go to state 43
    TRUE         shift, and go to state 44
    FALSE        shift, and go to state 45
    ID           shift, and go to state 46

    simpleExpression    go to state 200
    andExpression       go to state 48
    unaryRelExpression  go to state 49
    relExpression       go to state 50
    sumExpression       go to state 51
    mulExpression       go to state 52
    unaryExpression     go to state 53
    unaryop             go to state 54
    factor              go to state 55
    mutable             go to state 56
    immutable           go to state 57
    call                go to state 58
    constant            go to state 59


State 196

   67 matchedWhile: LOOP ID iterationRange DO matched .

    $default  reduce using rule 67 (matchedWhile)


State 197

   70 unmatchedWhile: LOOP ID iterationRange DO unmatched .

    $default  reduce using rule 70 (unmatchedWhile)


State 198

   54 matchedElse: ELSIF simpleExpression THEN matched . matchedElse
   59 unmatchedElse: ELSIF simpleExpression THEN matched .
   60              | ELSIF simpleExpression THEN matched . unmatchedElse

    ELSE   shift, and go to state 177
    ELSIF  shift, and go to state 178

    $default  reduce using rule 59 (unmatchedElse)

    matchedElse    go to state 201
    unmatchedElse  go to state 202


State 199

   61 unmatchedElse: ELSIF simpleExpression THEN unmatched .

    $default  reduce using rule 61 (unmatchedElse)


State 200

   64 iterationRange: EQ simpleExpression RANGE simpleExpression COL simpleExpression .
   85 simpleExpression: simpleExpression . OR andExpression

    OR  shift, and go to state 86

    $default  reduce using rule 64 (iterationRange)


State 201

   54 matchedElse: ELSIF simpleExpression THEN matched matchedElse .

    $default  reduce using rule 54 (matchedElse)


State 202

   60 unmatchedElse: ELSIF simpleExpression THEN matched unmatchedElse .

    $default  reduce using rule 60 (unmatchedElse)
